  DllMain.cpp
  Note: including file: C:\Program Files (x86)\Windows Kits\8.1\Include\um\WinSock2.h
  Note: including file:  C:\Program Files (x86)\Windows Kits\8.1\Include\shared\winapifamily.h
  Note: including file:  C:\Program Files (x86)\Windows Kits\8.1\Include\um\windows.h
  Note: including file:   C:\Program Files (x86)\Windows Kits\8.1\Include\shared\sdkddkver.h
  Note: including file:   C:\Program Files (x86)\Microsoft Visual Studio 14.0\VC\include\excpt.h
  Note: including file:    C:\Program Files (x86)\Microsoft Visual Studio 14.0\VC\include\vcruntime.h
  Note: including file:     C:\Program Files (x86)\Microsoft Visual Studio 14.0\VC\include\sal.h
  Note: including file:      C:\Program Files (x86)\Microsoft Visual Studio 14.0\VC\include\ConcurrencySal.h
  Note: including file:     C:\Program Files (x86)\Microsoft Visual Studio 14.0\VC\include\vadefs.h
  Note: including file:   C:\Program Files (x86)\Microsoft Visual Studio 14.0\VC\include\stdarg.h
  Note: including file:    C:\Program Files (x86)\Microsoft Visual Studio 14.0\VC\include\vcruntime.h
  Note: including file:   C:\Program Files (x86)\Windows Kits\8.1\Include\shared\windef.h
  Note: including file:    C:\Program Files (x86)\Windows Kits\8.1\Include\shared\minwindef.h
  Note: including file:     C:\Program Files (x86)\Windows Kits\8.1\Include\shared\specstrings.h
  Note: including file:      C:\Program Files (x86)\Windows Kits\8.1\Include\shared\specstrings_strict.h
  Note: including file:       C:\Program Files (x86)\Windows Kits\8.1\Include\shared\specstrings_undef.h
  Note: including file:      C:\Program Files (x86)\Windows Kits\8.1\Include\shared\driverspecs.h
  Note: including file:       c:\program files (x86)\windows kits\8.1\include\shared\sdv_driverspecs.h
  Note: including file:     C:\Program Files (x86)\Windows Kits\8.1\Include\um\winnt.h
  Note: including file:      C:\Program Files (x86)\Windows Kits\10\Include\10.0.10240.0\ucrt\ctype.h
  Note: including file:       C:\Program Files (x86)\Windows Kits\10\Include\10.0.10240.0\ucrt\corecrt.h
  Note: including file:        C:\Program Files (x86)\Microsoft Visual Studio 14.0\VC\include\vcruntime.h
  Note: including file:       C:\Program Files (x86)\Windows Kits\10\Include\10.0.10240.0\ucrt\corecrt_wctype.h
  Note: including file:      C:\Program Files (x86)\Windows Kits\8.1\Include\shared\kernelspecs.h
  Note: including file:      C:\Program Files (x86)\Windows Kits\8.1\Include\shared\basetsd.h
  Note: including file:      C:\Program Files (x86)\Windows Kits\8.1\Include\shared\guiddef.h
  Note: including file:       C:\Program Files (x86)\Windows Kits\10\Include\10.0.10240.0\ucrt\string.h
  Note: including file:        C:\Program Files (x86)\Windows Kits\10\Include\10.0.10240.0\ucrt\corecrt_memory.h
  Note: including file:         C:\Program Files (x86)\Windows Kits\10\Include\10.0.10240.0\ucrt\corecrt_memcpy_s.h
  Note: including file:          C:\Program Files (x86)\Windows Kits\10\Include\10.0.10240.0\ucrt\errno.h
  Note: including file:          C:\Program Files (x86)\Microsoft Visual Studio 14.0\VC\include\vcruntime_string.h
  Note: including file:           C:\Program Files (x86)\Microsoft Visual Studio 14.0\VC\include\vcruntime.h
  Note: including file:        C:\Program Files (x86)\Windows Kits\10\Include\10.0.10240.0\ucrt\corecrt_wstring.h
  Note: including file:      c:\program files (x86)\windows kits\8.1\include\shared\pshpack4.h
  Note: including file:      c:\program files (x86)\windows kits\8.1\include\shared\poppack.h
  Note: including file:      c:\program files (x86)\windows kits\8.1\include\shared\pshpack4.h
  Note: including file:      c:\program files (x86)\windows kits\8.1\include\shared\poppack.h
  Note: including file:      C:\Program Files (x86)\Windows Kits\8.1\Include\shared\pshpack4.h
  Note: including file:      C:\Program Files (x86)\Windows Kits\8.1\Include\shared\poppack.h
  Note: including file:      c:\program files (x86)\windows kits\8.1\include\shared\pshpack4.h
  Note: including file:      c:\program files (x86)\windows kits\8.1\include\shared\pshpack2.h
  Note: including file:      c:\program files (x86)\windows kits\8.1\include\shared\poppack.h
  Note: including file:      c:\program files (x86)\windows kits\8.1\include\shared\pshpack2.h
  Note: including file:      C:\Program Files (x86)\Windows Kits\8.1\Include\shared\pshpack2.h
  Note: including file:      C:\Program Files (x86)\Windows Kits\8.1\Include\shared\poppack.h
  Note: including file:      c:\program files (x86)\windows kits\8.1\include\shared\poppack.h
  Note: including file:      c:\program files (x86)\windows kits\8.1\include\shared\pshpack8.h
  Note: including file:      c:\program files (x86)\windows kits\8.1\include\shared\poppack.h
  Note: including file:      c:\program files (x86)\windows kits\8.1\include\shared\poppack.h
  Note: including file:      C:\Program Files (x86)\Windows Kits\8.1\Include\shared\apiset.h
  Note: including file:      C:\Program Files (x86)\Windows Kits\8.1\Include\shared\ktmtypes.h
  Note: including file:   C:\Program Files (x86)\Windows Kits\8.1\Include\um\winbase.h
  Note: including file:    C:\Program Files (x86)\Windows Kits\8.1\Include\shared\apisetcconv.h
  Note: including file:    C:\Program Files (x86)\Windows Kits\8.1\Include\um\minwinbase.h
  Note: including file:    C:\Program Files (x86)\Windows Kits\8.1\Include\um\processenv.h
  Note: including file:    C:\Program Files (x86)\Windows Kits\8.1\Include\um\fileapi.h
  Note: including file:    C:\Program Files (x86)\Windows Kits\8.1\Include\um\debugapi.h
  Note: including file:    C:\Program Files (x86)\Windows Kits\8.1\Include\um\utilapiset.h
  Note: including file:    C:\Program Files (x86)\Windows Kits\8.1\Include\um\handleapi.h
  Note: including file:    C:\Program Files (x86)\Windows Kits\8.1\Include\um\errhandlingapi.h
  Note: including file:    C:\Program Files (x86)\Windows Kits\8.1\Include\um\fibersapi.h
  Note: including file:    C:\Program Files (x86)\Windows Kits\8.1\Include\um\namedpipeapi.h
  Note: including file:    C:\Program Files (x86)\Windows Kits\8.1\Include\um\profileapi.h
  Note: including file:    C:\Program Files (x86)\Windows Kits\8.1\Include\um\heapapi.h
  Note: including file:    C:\Program Files (x86)\Windows Kits\8.1\Include\um\ioapiset.h
  Note: including file:    C:\Program Files (x86)\Windows Kits\8.1\Include\um\synchapi.h
  Note: including file:    C:\Program Files (x86)\Windows Kits\8.1\Include\um\interlockedapi.h
  Note: including file:    C:\Program Files (x86)\Windows Kits\8.1\Include\um\processthreadsapi.h
  Note: including file:    C:\Program Files (x86)\Windows Kits\8.1\Include\um\sysinfoapi.h
  Note: including file:    C:\Program Files (x86)\Windows Kits\8.1\Include\um\memoryapi.h
  Note: including file:    C:\Program Files (x86)\Windows Kits\8.1\Include\um\threadpoollegacyapiset.h
  Note: including file:    C:\Program Files (x86)\Windows Kits\8.1\Include\um\threadpoolapiset.h
  Note: including file:    C:\Program Files (x86)\Windows Kits\8.1\Include\um\bemapiset.h
  Note: including file:    C:\Program Files (x86)\Windows Kits\8.1\Include\um\jobapi.h
  Note: including file:    C:\Program Files (x86)\Windows Kits\8.1\Include\um\wow64apiset.h
  Note: including file:    C:\Program Files (x86)\Windows Kits\8.1\Include\um\libloaderapi.h
  Note: including file:    C:\Program Files (x86)\Windows Kits\8.1\Include\um\securitybaseapi.h
  Note: including file:    C:\Program Files (x86)\Windows Kits\8.1\Include\um\namespaceapi.h
  Note: including file:    C:\Program Files (x86)\Windows Kits\8.1\Include\um\systemtopologyapi.h
  Note: including file:    C:\Program Files (x86)\Windows Kits\8.1\Include\um\processtopologyapi.h
  Note: including file:    C:\Program Files (x86)\Windows Kits\8.1\Include\um\securityappcontainer.h
  Note: including file:    C:\Program Files (x86)\Windows Kits\8.1\Include\um\realtimeapiset.h
  Note: including file:    C:\Program Files (x86)\Windows Kits\8.1\Include\shared\winerror.h
  Note: including file:    C:\Program Files (x86)\Windows Kits\8.1\Include\um\timezoneapi.h
  Note: including file:   C:\Program Files (x86)\Windows Kits\8.1\Include\um\wingdi.h
  Note: including file:    C:\Program Files (x86)\Windows Kits\8.1\Include\shared\pshpack1.h
  Note: including file:    C:\Program Files (x86)\Windows Kits\8.1\Include\shared\poppack.h
  Note: including file:    C:\Program Files (x86)\Windows Kits\8.1\Include\shared\pshpack2.h
  Note: including file:    C:\Program Files (x86)\Windows Kits\8.1\Include\shared\poppack.h
  Note: including file:    C:\Program Files (x86)\Windows Kits\8.1\Include\shared\pshpack2.h
  Note: including file:    C:\Program Files (x86)\Windows Kits\8.1\Include\shared\poppack.h
  Note: including file:    C:\Program Files (x86)\Windows Kits\8.1\Include\shared\pshpack4.h
  Note: including file:    C:\Program Files (x86)\Windows Kits\8.1\Include\shared\poppack.h
  Note: including file:    C:\Program Files (x86)\Windows Kits\8.1\Include\shared\pshpack4.h
  Note: including file:    C:\Program Files (x86)\Windows Kits\8.1\Include\shared\poppack.h
  Note: including file:   C:\Program Files (x86)\Windows Kits\8.1\Include\um\winuser.h
  Note: including file:    C:\Program Files (x86)\Windows Kits\8.1\Include\shared\pshpack2.h
  Note: including file:    C:\Program Files (x86)\Windows Kits\8.1\Include\shared\poppack.h
  Note: including file:    C:\Program Files (x86)\Windows Kits\8.1\Include\shared\tvout.h
  Note: including file:   C:\Program Files (x86)\Windows Kits\8.1\Include\um\winnls.h
  Note: including file:    C:\Program Files (x86)\Windows Kits\8.1\Include\um\datetimeapi.h
  Note: including file:    C:\Program Files (x86)\Windows Kits\8.1\Include\um\stringapiset.h
  Note: including file:     C:\Program Files (x86)\Windows Kits\8.1\Include\um\winnls.h
  Note: including file:   C:\Program Files (x86)\Windows Kits\8.1\Include\um\wincon.h
  Note: including file:    C:\Program Files (x86)\Windows Kits\8.1\Include\um\consoleapi.h
  Note: including file:   C:\Program Files (x86)\Windows Kits\8.1\Include\um\winver.h
  Note: including file:    C:\Program Files (x86)\Windows Kits\8.1\Include\um\verrsrc.h
  Note: including file:   C:\Program Files (x86)\Windows Kits\8.1\Include\um\winreg.h
  Note: including file:    C:\Program Files (x86)\Windows Kits\8.1\Include\um\reason.h
  Note: including file:   C:\Program Files (x86)\Windows Kits\8.1\Include\um\winnetwk.h
  Note: including file:    C:\Program Files (x86)\Windows Kits\8.1\Include\shared\wnnc.h
  Note: including file:   C:\Program Files (x86)\Windows Kits\8.1\Include\shared\cderr.h
  Note: including file:   C:\Program Files (x86)\Windows Kits\8.1\Include\um\dde.h
  Note: including file:   C:\Program Files (x86)\Windows Kits\8.1\Include\um\ddeml.h
  Note: including file:   C:\Program Files (x86)\Windows Kits\8.1\Include\um\dlgs.h
  Note: including file:   C:\Program Files (x86)\Windows Kits\8.1\Include\um\lzexpand.h
  Note: including file:   C:\Program Files (x86)\Windows Kits\8.1\Include\um\mmsystem.h
  Note: including file:    C:\Program Files (x86)\Windows Kits\8.1\Include\um\mmsyscom.h
  Note: including file:     C:\Program Files (x86)\Windows Kits\8.1\Include\shared\pshpack1.h
  Note: including file:     C:\Program Files (x86)\Windows Kits\8.1\Include\shared\poppack.h
  Note: including file:    C:\Program Files (x86)\Windows Kits\8.1\Include\shared\pshpack1.h
  Note: including file:    C:\Program Files (x86)\Windows Kits\8.1\Include\um\mciapi.h
  Note: including file:     C:\Program Files (x86)\Windows Kits\8.1\Include\um\mmsyscom.h
  Note: including file:    C:\Program Files (x86)\Windows Kits\8.1\Include\um\mmiscapi.h
  Note: including file:     C:\Program Files (x86)\Windows Kits\8.1\Include\um\mmsyscom.h
  Note: including file:    C:\Program Files (x86)\Windows Kits\8.1\Include\um\mmiscapi2.h
  Note: including file:     C:\Program Files (x86)\Windows Kits\8.1\Include\um\mmsyscom.h
  Note: including file:    C:\Program Files (x86)\Windows Kits\8.1\Include\um\playsoundapi.h
  Note: including file:     C:\Program Files (x86)\Windows Kits\8.1\Include\um\mmsyscom.h
  Note: including file:    C:\Program Files (x86)\Windows Kits\8.1\Include\um\mmeapi.h
  Note: including file:     C:\Program Files (x86)\Windows Kits\8.1\Include\um\mmsyscom.h
  Note: including file:    C:\Program Files (x86)\Windows Kits\8.1\Include\um\timeapi.h
  Note: including file:     C:\Program Files (x86)\Windows Kits\8.1\Include\um\mmsyscom.h
  Note: including file:    C:\Program Files (x86)\Windows Kits\8.1\Include\um\joystickapi.h
  Note: including file:     C:\Program Files (x86)\Windows Kits\8.1\Include\um\mmsyscom.h
  Note: including file:    C:\Program Files (x86)\Windows Kits\8.1\Include\shared\poppack.h
  Note: including file:   C:\Program Files (x86)\Windows Kits\8.1\Include\um\nb30.h
  Note: including file:   C:\Program Files (x86)\Windows Kits\8.1\Include\shared\rpc.h
  Note: including file:    C:\Program Files (x86)\Windows Kits\8.1\Include\shared\rpcdce.h
  Note: including file:     C:\Program Files (x86)\Windows Kits\8.1\Include\shared\rpcdcep.h
  Note: including file:    C:\Program Files (x86)\Windows Kits\8.1\Include\um\rpcnsi.h
  Note: including file:    C:\Program Files (x86)\Windows Kits\8.1\Include\shared\rpcnterr.h
  Note: including file:    C:\Program Files (x86)\Windows Kits\8.1\Include\shared\rpcasync.h
  Note: including file:   C:\Program Files (x86)\Windows Kits\8.1\Include\um\shellapi.h
  Note: including file:    C:\Program Files (x86)\Windows Kits\8.1\Include\shared\pshpack1.h
  Note: including file:    C:\Program Files (x86)\Windows Kits\8.1\Include\shared\poppack.h
  Note: including file:   C:\Program Files (x86)\Windows Kits\8.1\Include\um\winperf.h
  Note: including file:    C:\Program Files (x86)\Windows Kits\8.1\Include\shared\pshpack8.h
  Note: including file:    C:\Program Files (x86)\Windows Kits\8.1\Include\shared\poppack.h
  Note: including file:   C:\Program Files (x86)\Windows Kits\8.1\Include\um\winsock.h
  Note: including file:   C:\Program Files (x86)\Windows Kits\8.1\Include\um\wincrypt.h
  Note: including file:    C:\Program Files (x86)\Windows Kits\8.1\Include\shared\bcrypt.h
  Note: including file:    C:\Program Files (x86)\Windows Kits\8.1\Include\um\ncrypt.h
  Note: including file:    C:\Program Files (x86)\Windows Kits\8.1\Include\um\dpapi.h
  Note: including file:   C:\Program Files (x86)\Windows Kits\8.1\Include\um\winefs.h
  Note: including file:   C:\Program Files (x86)\Windows Kits\8.1\Include\um\winscard.h
  Note: including file:    C:\Program Files (x86)\Windows Kits\8.1\Include\shared\wtypes.h
  Note: including file:     c:\program files (x86)\windows kits\8.1\include\shared\rpcndr.h
  Note: including file:      C:\Program Files (x86)\Windows Kits\8.1\Include\shared\pshpack8.h
  Note: including file:      C:\Program Files (x86)\Windows Kits\8.1\Include\um\rpcnsip.h
  Note: including file:      C:\Program Files (x86)\Windows Kits\8.1\Include\shared\rpcsal.h
  Note: including file:      C:\Program Files (x86)\Windows Kits\8.1\Include\shared\poppack.h
  Note: including file:     c:\program files (x86)\windows kits\8.1\include\shared\wtypesbase.h
  Note: including file:      c:\program files (x86)\windows kits\8.1\include\shared\guiddef.h
  Note: including file:    C:\Program Files (x86)\Windows Kits\8.1\Include\um\winioctl.h
  Note: including file:     C:\Program Files (x86)\Windows Kits\8.1\Include\shared\pshpack1.h
  Note: including file:     C:\Program Files (x86)\Windows Kits\8.1\Include\shared\poppack.h
  Note: including file:     C:\Program Files (x86)\Windows Kits\8.1\Include\shared\pshpack1.h
  Note: including file:     C:\Program Files (x86)\Windows Kits\8.1\Include\shared\poppack.h
  Note: including file:     C:\Program Files (x86)\Windows Kits\8.1\Include\shared\pshpack1.h
  Note: including file:     C:\Program Files (x86)\Windows Kits\8.1\Include\shared\poppack.h
  Note: including file:     C:\Program Files (x86)\Windows Kits\8.1\Include\shared\pshpack1.h
  Note: including file:     C:\Program Files (x86)\Windows Kits\8.1\Include\shared\poppack.h
  Note: including file:     C:\Program Files (x86)\Windows Kits\8.1\Include\shared\pshpack1.h
  Note: including file:     C:\Program Files (x86)\Windows Kits\8.1\Include\shared\poppack.h
  Note: including file:     C:\Program Files (x86)\Windows Kits\8.1\Include\shared\pshpack1.h
  Note: including file:     C:\Program Files (x86)\Windows Kits\8.1\Include\shared\poppack.h
  Note: including file:     C:\Program Files (x86)\Windows Kits\8.1\Include\shared\pshpack1.h
  Note: including file:     C:\Program Files (x86)\Windows Kits\8.1\Include\shared\poppack.h
  Note: including file:    C:\Program Files (x86)\Windows Kits\8.1\Include\shared\winsmcrd.h
  Note: including file:   C:\Program Files (x86)\Windows Kits\8.1\Include\um\winspool.h
  Note: including file:    C:\Program Files (x86)\Windows Kits\8.1\Include\um\prsht.h
  Note: including file:     C:\Program Files (x86)\Windows Kits\8.1\Include\shared\pshpack4.h
  Note: including file:     C:\Program Files (x86)\Windows Kits\8.1\Include\shared\poppack.h
  Note: including file:   C:\Program Files (x86)\Windows Kits\8.1\Include\um\ole2.h
  Note: including file:    C:\Program Files (x86)\Windows Kits\8.1\Include\shared\pshpack8.h
  Note: including file:    C:\Program Files (x86)\Windows Kits\8.1\Include\um\objbase.h
  Note: including file:     C:\Program Files (x86)\Windows Kits\8.1\Include\shared\pshpack8.h
  Note: including file:     C:\Program Files (x86)\Windows Kits\8.1\Include\um\combaseapi.h
  Note: including file:      C:\Program Files (x86)\Windows Kits\8.1\Include\shared\pshpack8.h
  Note: including file:      C:\Program Files (x86)\Windows Kits\10\Include\10.0.10240.0\ucrt\stdlib.h
  Note: including file:       C:\Program Files (x86)\Windows Kits\10\Include\10.0.10240.0\ucrt\corecrt_malloc.h
  Note: including file:       C:\Program Files (x86)\Windows Kits\10\Include\10.0.10240.0\ucrt\corecrt_search.h
  Note: including file:        C:\Program Files (x86)\Windows Kits\10\Include\10.0.10240.0\ucrt\stddef.h
  Note: including file:       C:\Program Files (x86)\Windows Kits\10\Include\10.0.10240.0\ucrt\corecrt_wstdlib.h
  Note: including file:       C:\Program Files (x86)\Microsoft Visual Studio 14.0\VC\include\limits.h
  Note: including file:        C:\Program Files (x86)\Microsoft Visual Studio 14.0\VC\include\vcruntime.h
  Note: including file:      C:\Program Files (x86)\Windows Kits\8.1\Include\um\unknwnbase.h
  Note: including file:      C:\Program Files (x86)\Windows Kits\8.1\Include\um\objidlbase.h
  Note: including file:      C:\Program Files (x86)\Windows Kits\8.1\Include\shared\guiddef.h
  Note: including file:      C:\Program Files (x86)\Windows Kits\8.1\Include\um\cguid.h
  Note: including file:      C:\Program Files (x86)\Windows Kits\8.1\Include\shared\poppack.h
  Note: including file:     C:\Program Files (x86)\Windows Kits\8.1\Include\um\objidl.h
  Note: including file:      c:\program files (x86)\windows kits\8.1\include\um\unknwn.h
  Note: including file:     C:\Program Files (x86)\Windows Kits\8.1\Include\um\urlmon.h
  Note: including file:      c:\program files (x86)\windows kits\8.1\include\um\oleidl.h
  Note: including file:      c:\program files (x86)\windows kits\8.1\include\um\servprov.h
  Note: including file:      c:\program files (x86)\windows kits\8.1\include\um\msxml.h
  Note: including file:       c:\program files (x86)\windows kits\8.1\include\um\oaidl.h
  Note: including file:     C:\Program Files (x86)\Windows Kits\8.1\Include\um\propidl.h
  Note: including file:     C:\Program Files (x86)\Windows Kits\8.1\Include\shared\poppack.h
  Note: including file:    C:\Program Files (x86)\Windows Kits\8.1\Include\um\oleauto.h
  Note: including file:     C:\Program Files (x86)\Windows Kits\8.1\Include\shared\pshpack8.h
  Note: including file:     C:\Program Files (x86)\Windows Kits\8.1\Include\shared\poppack.h
  Note: including file:    C:\Program Files (x86)\Windows Kits\8.1\Include\shared\poppack.h
  Note: including file:   C:\Program Files (x86)\Windows Kits\8.1\Include\um\commdlg.h
  Note: including file:    C:\Program Files (x86)\Windows Kits\8.1\Include\um\prsht.h
  Note: including file:    C:\Program Files (x86)\Windows Kits\8.1\Include\shared\pshpack1.h
  Note: including file:    C:\Program Files (x86)\Windows Kits\8.1\Include\shared\poppack.h
  Note: including file:   C:\Program Files (x86)\Windows Kits\8.1\Include\shared\stralign.h
  Note: including file:   C:\Program Files (x86)\Windows Kits\8.1\Include\um\winsvc.h
  Note: including file:   C:\Program Files (x86)\Windows Kits\8.1\Include\um\mcx.h
  Note: including file:   C:\Program Files (x86)\Windows Kits\8.1\Include\um\imm.h
  Note: including file:    C:\Program Files (x86)\Windows Kits\8.1\Include\um\ime_cmodes.h
  Note: including file:  C:\Program Files (x86)\Windows Kits\8.1\Include\shared\ws2def.h
  Note: including file:   C:\Program Files (x86)\Windows Kits\8.1\Include\shared\inaddr.h
  Note: including file:  C:\Program Files (x86)\Windows Kits\8.1\Include\shared\qos.h
  Note: including file: C:\Program Files (x86)\Microsoft Visual Studio 14.0\VC\include\string
  Note: including file:  C:\Program Files (x86)\Microsoft Visual Studio 14.0\VC\include\istream
  Note: including file:   C:\Program Files (x86)\Microsoft Visual Studio 14.0\VC\include\ostream
  Note: including file:    C:\Program Files (x86)\Microsoft Visual Studio 14.0\VC\include\ios
  Note: including file:     C:\Program Files (x86)\Microsoft Visual Studio 14.0\VC\include\xlocnum
  Note: including file:      C:\Program Files (x86)\Microsoft Visual Studio 14.0\VC\include\climits
  Note: including file:       C:\Program Files (x86)\Microsoft Visual Studio 14.0\VC\include\yvals.h
  Note: including file:        C:\Program Files (x86)\Microsoft Visual Studio 14.0\VC\include\xkeycheck.h
  Note: including file:        C:\Program Files (x86)\Microsoft Visual Studio 14.0\VC\include\crtdefs.h
  Note: including file:         C:\Program Files (x86)\Microsoft Visual Studio 14.0\VC\include\vcruntime.h
  Note: including file:        C:\Program Files (x86)\Microsoft Visual Studio 14.0\VC\include\use_ansi.h
  Note: including file:      C:\Program Files (x86)\Microsoft Visual Studio 14.0\VC\include\cmath
  Note: including file:       C:\Program Files (x86)\Windows Kits\10\Include\10.0.10240.0\ucrt\math.h
  Note: including file:       C:\Program Files (x86)\Microsoft Visual Studio 14.0\VC\include\xtgmath.h
  Note: including file:        C:\Program Files (x86)\Microsoft Visual Studio 14.0\VC\include\xtr1common
  Note: including file:         C:\Program Files (x86)\Microsoft Visual Studio 14.0\VC\include\cstdlib
  Note: including file:      C:\Program Files (x86)\Microsoft Visual Studio 14.0\VC\include\cstdio
  Note: including file:       C:\Program Files (x86)\Windows Kits\10\Include\10.0.10240.0\ucrt\stdio.h
  Note: including file:        C:\Program Files (x86)\Windows Kits\10\Include\10.0.10240.0\ucrt\corecrt_wstdio.h
  Note: including file:         C:\Program Files (x86)\Windows Kits\10\Include\10.0.10240.0\ucrt\corecrt_stdio_config.h
  Note: including file:      C:\Program Files (x86)\Microsoft Visual Studio 14.0\VC\include\streambuf
  Note: including file:       C:\Program Files (x86)\Microsoft Visual Studio 14.0\VC\include\xiosbase
  Note: including file:        C:\Program Files (x86)\Microsoft Visual Studio 14.0\VC\include\xlocale
  Note: including file:         C:\Program Files (x86)\Microsoft Visual Studio 14.0\VC\include\cstring
  Note: including file:         C:\Program Files (x86)\Microsoft Visual Studio 14.0\VC\include\stdexcept
  Note: including file:          C:\Program Files (x86)\Microsoft Visual Studio 14.0\VC\include\exception
  Note: including file:           C:\Program Files (x86)\Microsoft Visual Studio 14.0\VC\include\type_traits
  Note: including file:            C:\Program Files (x86)\Microsoft Visual Studio 14.0\VC\include\xstddef
  Note: including file:             C:\Program Files (x86)\Microsoft Visual Studio 14.0\VC\include\cstddef
  Note: including file:             C:\Program Files (x86)\Microsoft Visual Studio 14.0\VC\include\initializer_list
  Note: including file:           C:\Program Files (x86)\Windows Kits\10\Include\10.0.10240.0\ucrt\malloc.h
  Note: including file:           C:\Program Files (x86)\Microsoft Visual Studio 14.0\VC\include\vcruntime_exception.h
  Note: including file:            C:\Program Files (x86)\Microsoft Visual Studio 14.0\VC\include\eh.h
  Note: including file:             C:\Program Files (x86)\Windows Kits\10\Include\10.0.10240.0\ucrt\corecrt_terminate.h
  Note: including file:          C:\Program Files (x86)\Microsoft Visual Studio 14.0\VC\include\xstring
  Note: including file:           C:\Program Files (x86)\Microsoft Visual Studio 14.0\VC\include\xmemory0
  Note: including file:            C:\Program Files (x86)\Microsoft Visual Studio 14.0\VC\include\cstdint
  Note: including file:             C:\Program Files (x86)\Microsoft Visual Studio 14.0\VC\include\stdint.h
  Note: including file:              C:\Program Files (x86)\Microsoft Visual Studio 14.0\VC\include\vcruntime.h
  Note: including file:            C:\Program Files (x86)\Microsoft Visual Studio 14.0\VC\include\limits
  Note: including file:             C:\Program Files (x86)\Microsoft Visual Studio 14.0\VC\include\ymath.h
  Note: including file:             C:\Program Files (x86)\Microsoft Visual Studio 14.0\VC\include\cfloat
  Note: including file:              C:\Program Files (x86)\Windows Kits\10\Include\10.0.10240.0\ucrt\float.h
  Note: including file:             C:\Program Files (x86)\Microsoft Visual Studio 14.0\VC\include\cwchar
  Note: including file:              C:\Program Files (x86)\Windows Kits\10\Include\10.0.10240.0\ucrt\wchar.h
  Note: including file:               C:\Program Files (x86)\Windows Kits\10\Include\10.0.10240.0\ucrt\corecrt_wconio.h
  Note: including file:               C:\Program Files (x86)\Windows Kits\10\Include\10.0.10240.0\ucrt\corecrt_wdirect.h
  Note: including file:               C:\Program Files (x86)\Windows Kits\10\Include\10.0.10240.0\ucrt\corecrt_wio.h
  Note: including file:                C:\Program Files (x86)\Windows Kits\10\Include\10.0.10240.0\ucrt\corecrt_share.h
  Note: including file:               C:\Program Files (x86)\Windows Kits\10\Include\10.0.10240.0\ucrt\corecrt_wprocess.h
  Note: including file:               C:\Program Files (x86)\Windows Kits\10\Include\10.0.10240.0\ucrt\corecrt_wtime.h
  Note: including file:               C:\Program Files (x86)\Windows Kits\10\Include\10.0.10240.0\ucrt\sys/stat.h
  Note: including file:                C:\Program Files (x86)\Windows Kits\10\Include\10.0.10240.0\ucrt\sys/types.h
  Note: including file:            C:\Program Files (x86)\Microsoft Visual Studio 14.0\VC\include\new
  Note: including file:             C:\Program Files (x86)\Microsoft Visual Studio 14.0\VC\include\vcruntime_new.h
  Note: including file:              C:\Program Files (x86)\Microsoft Visual Studio 14.0\VC\include\vcruntime.h
  Note: including file:            C:\Program Files (x86)\Microsoft Visual Studio 14.0\VC\include\xutility
  Note: including file:             C:\Program Files (x86)\Microsoft Visual Studio 14.0\VC\include\utility
  Note: including file:              C:\Program Files (x86)\Microsoft Visual Studio 14.0\VC\include\iosfwd
  Note: including file:               C:\Program Files (x86)\Windows Kits\10\Include\10.0.10240.0\ucrt\crtdbg.h
  Note: including file:                C:\Program Files (x86)\Microsoft Visual Studio 14.0\VC\include\vcruntime_new_debug.h
  Note: including file:            C:\Program Files (x86)\Microsoft Visual Studio 14.0\VC\include\xatomic0.h
  Note: including file:            C:\Program Files (x86)\Microsoft Visual Studio 14.0\VC\include\intrin.h
  Note: including file:             C:\Program Files (x86)\Microsoft Visual Studio 14.0\VC\include\vcruntime.h
  Note: including file:             C:\Program Files (x86)\Microsoft Visual Studio 14.0\VC\include\setjmp.h
  Note: including file:              C:\Program Files (x86)\Microsoft Visual Studio 14.0\VC\include\vcruntime.h
  Note: including file:             C:\Program Files (x86)\Microsoft Visual Studio 14.0\VC\include\immintrin.h
  Note: including file:              C:\Program Files (x86)\Microsoft Visual Studio 14.0\VC\include\wmmintrin.h
  Note: including file:               C:\Program Files (x86)\Microsoft Visual Studio 14.0\VC\include\nmmintrin.h
  Note: including file:                C:\Program Files (x86)\Microsoft Visual Studio 14.0\VC\include\smmintrin.h
  Note: including file:                 C:\Program Files (x86)\Microsoft Visual Studio 14.0\VC\include\tmmintrin.h
  Note: including file:                  C:\Program Files (x86)\Microsoft Visual Studio 14.0\VC\include\pmmintrin.h
  Note: including file:                   C:\Program Files (x86)\Microsoft Visual Studio 14.0\VC\include\emmintrin.h
  Note: including file:                    C:\Program Files (x86)\Microsoft Visual Studio 14.0\VC\include\xmmintrin.h
  Note: including file:                     C:\Program Files (x86)\Microsoft Visual Studio 14.0\VC\include\mmintrin.h
  Note: including file:             C:\Program Files (x86)\Microsoft Visual Studio 14.0\VC\include\ammintrin.h
  Note: including file:             C:\Program Files (x86)\Microsoft Visual Studio 14.0\VC\include\mm3dnow.h
  Note: including file:              C:\Program Files (x86)\Microsoft Visual Studio 14.0\VC\include\vcruntime.h
  Note: including file:         C:\Program Files (x86)\Microsoft Visual Studio 14.0\VC\include\typeinfo
  Note: including file:          C:\Program Files (x86)\Microsoft Visual Studio 14.0\VC\include\vcruntime_typeinfo.h
  Note: including file:           C:\Program Files (x86)\Microsoft Visual Studio 14.0\VC\include\vcruntime.h
  Note: including file:         C:\Program Files (x86)\Microsoft Visual Studio 14.0\VC\include\xlocinfo
  Note: including file:          C:\Program Files (x86)\Microsoft Visual Studio 14.0\VC\include\xlocinfo.h
  Note: including file:           C:\Program Files (x86)\Windows Kits\10\Include\10.0.10240.0\ucrt\locale.h
  Note: including file:         C:\Program Files (x86)\Microsoft Visual Studio 14.0\VC\include\xfacet
  Note: including file:        C:\Program Files (x86)\Microsoft Visual Studio 14.0\VC\include\system_error
  Note: including file:         C:\Program Files (x86)\Microsoft Visual Studio 14.0\VC\include\cerrno
  Note: including file:        C:\Program Files (x86)\Windows Kits\10\Include\10.0.10240.0\ucrt\share.h
  Note: including file: d:\mvsprojects\cppbot\injected\Util\WindowsConsole.hpp
  Note: including file: d:\mvsprojects\cppbot\injected\Util\KeyboardHook.hpp
  Note: including file:  d:\mvsprojects\cppbot\injected\Util\Helpers.hpp
  Note: including file:   C:\Program Files (x86)\Microsoft Visual Studio 14.0\VC\include\sstream
  Note: including file:  d:\mvsprojects\cppbot\injected\util\..\Manager.hpp
  Note: including file:   C:\Program Files (x86)\Microsoft Visual Studio 14.0\VC\include\map
  Note: including file:    C:\Program Files (x86)\Microsoft Visual Studio 14.0\VC\include\tuple
  Note: including file:    C:\Program Files (x86)\Microsoft Visual Studio 14.0\VC\include\xtree
  Note: including file:     C:\Program Files (x86)\Microsoft Visual Studio 14.0\VC\include\xmemory
  Note: including file:   C:\Program Files (x86)\Windows Kits\8.1\Include\shared\d3d9.h
  Note: including file:    c:\program files (x86)\windows kits\8.1\include\shared\d3d9types.h
  Note: including file:    c:\program files (x86)\windows kits\8.1\include\shared\d3d9caps.h
  Note: including file:   C:\Program Files (x86)\Microsoft DirectX SDK (June 2010)\Include\D3dx9core.h
  Note: including file:    c:\program files (x86)\microsoft directx sdk (june 2010)\include\d3dx9.h
  Note: including file:     c:\program files (x86)\microsoft directx sdk (june 2010)\include\d3d9.h
  Note: including file:     c:\program files (x86)\microsoft directx sdk (june 2010)\include\d3dx9math.h
  Note: including file:      c:\program files (x86)\microsoft directx sdk (june 2010)\include\d3dx9.h
  Note: including file:      C:\Program Files (x86)\Windows Kits\10\Include\10.0.10240.0\ucrt\math.h
  Note: including file:      c:\program files (x86)\microsoft directx sdk (june 2010)\include\d3dx9math.inl
  Note: including file:     c:\program files (x86)\microsoft directx sdk (june 2010)\include\d3dx9core.h
  Note: including file:      c:\program files (x86)\microsoft directx sdk (june 2010)\include\d3dx9.h
  Note: including file:     c:\program files (x86)\microsoft directx sdk (june 2010)\include\d3dx9xof.h
  Note: including file:      c:\program files (x86)\microsoft directx sdk (june 2010)\include\d3dx9.h
  Note: including file:     c:\program files (x86)\microsoft directx sdk (june 2010)\include\d3dx9mesh.h
  Note: including file:      c:\program files (x86)\microsoft directx sdk (june 2010)\include\d3dx9.h
  Note: including file:     c:\program files (x86)\microsoft directx sdk (june 2010)\include\d3dx9shader.h
  Note: including file:      c:\program files (x86)\microsoft directx sdk (june 2010)\include\d3dx9.h
  Note: including file:     c:\program files (x86)\microsoft directx sdk (june 2010)\include\d3dx9effect.h
  Note: including file:      c:\program files (x86)\microsoft directx sdk (june 2010)\include\d3dx9.h
  Note: including file:     c:\program files (x86)\microsoft directx sdk (june 2010)\include\d3dx9tex.h
  Note: including file:      c:\program files (x86)\microsoft directx sdk (june 2010)\include\d3dx9.h
  Note: including file:     c:\program files (x86)\microsoft directx sdk (june 2010)\include\d3dx9shape.h
  Note: including file:      c:\program files (x86)\microsoft directx sdk (june 2010)\include\d3dx9.h
  Note: including file:     c:\program files (x86)\microsoft directx sdk (june 2010)\include\d3dx9anim.h
  Note: including file:   d:\mvsprojects\cppbot\injected\Memory\Detour.hpp
  Note: including file:   d:\mvsprojects\cppbot\injected\Util\Timer.hpp
  Note: including file:    C:\Program Files (x86)\Microsoft Visual Studio 14.0\VC\include\ctime
  Note: including file:     C:\Program Files (x86)\Windows Kits\10\Include\10.0.10240.0\ucrt\time.h
  Note: including file:   d:\mvsprojects\cppbot\injected\Lua\Lua.hpp
  Note: including file:    C:\Program Files (x86)\Microsoft Visual Studio 14.0\VC\include\algorithm
  Note: including file:    d:\mvsprojects\cppbot\injected\WowStuff\Wowtypes.h
  Note: including file:     d:\mvsprojects\cppbot\injected\wowstuff\SharedDefines.h
  Note: including file:      C:\Program Files (x86)\Microsoft Visual Studio 14.0\VC\include\cassert
  Note: including file:       C:\Program Files (x86)\Windows Kits\10\Include\10.0.10240.0\ucrt\assert.h
  Note: including file:      C:\Program Files (x86)\Microsoft Visual Studio 14.0\VC\include\vector
  Note: including file:      d:\mvsprojects\cppbot\injected\wowstuff\Location.hpp
  Note: including file:       C:\Program Files (x86)\Windows Kits\10\Include\10.0.10240.0\ucrt\math.h
  Note: including file:       C:\Program Files (x86)\Microsoft DirectX SDK (June 2010)\Include\d3dx9math.h
  Note: including file:        c:\program files (x86)\microsoft directx sdk (june 2010)\include\d3dx9.h
  Note: including file:   d:\mvsprojects\cppbot\injected\WowStuff\WowFuncs.hpp
  Note: including file:   d:\mvsprojects\cppbot\injected\Objects\Spell.hpp
  Note: including file:    d:\mvsprojects\cppbot\injected\objects\LocalPlayer.hpp
  Note: including file:     d:\mvsprojects\cppbot\injected\objects\Unit.hpp
  Note: including file:      d:\mvsprojects\cppbot\injected\objects\Object.hpp
  Note: including file:     d:\mvsprojects\cppbot\injected\objects\Player.hpp
  Note: including file:   d:\mvsprojects\cppbot\injected\Routines\PaladinLeveling.hpp
  Note: including file:    d:\mvsprojects\cppbot\injected\routines\Common.hpp
  Note: including file:     d:\mvsprojects\cppbot\injected\OM.hpp
  Note: including file:      d:\mvsprojects\cppbot\injected\Objects\Container.hpp
  Note: including file:       d:\mvsprojects\cppbot\injected\objects\Item.hpp
  Note: including file:      d:\mvsprojects\cppbot\injected\Objects\GameObject.hpp
  Note: including file:      d:\mvsprojects\cppbot\injected\Objects\Corpse.hpp
  Note: including file:      d:\mvsprojects\cppbot\injected\Objects\DynamicObject.hpp
  Note: including file:   d:\mvsprojects\cppbot\injected\Graphics.hpp
  Note: including file:    C:\Program Files (x86)\Microsoft Visual Studio 14.0\VC\include\chrono
  Note: including file:     C:\Program Files (x86)\Microsoft Visual Studio 14.0\VC\include\ratio
  Note: including file:     C:\Program Files (x86)\Microsoft Visual Studio 14.0\VC\include\thr/xtimec.h
  Note: including file:      C:\Program Files (x86)\Microsoft Visual Studio 14.0\VC\include\thr/xthrcommon.h
  Note: including file:    d:\mvsprojects\cppbot\injected\WowStuff\Camera.hpp
  Note: including file: d:\mvsprojects\cppbot\injected\WowStuff\WowConsole.hpp
  Injected.vcxproj -> D:\MVSProjects\CPPBOT\Debug\Injected.dll
  Injected.vcxproj -> D:\MVSProjects\CPPBOT\Debug\Injected.pdb (Full PDB)
